Arguments: 
  C:\Program Files\nodejs\node.exe C:\Users\ENGR UCHE\AppData\Roaming\npm\node_modules\yarn\bin\yarn.js add create-react-app

PATH: 
  C:\Users\ENGR UCHE\Anaconda3;C:\Users\ENGR UCHE\Anaconda3\Library\mingw-w64\bin;C:\Users\ENGR UCHE\Anaconda3\Library\usr\bin;C:\Users\ENGR UCHE\Anaconda3\Library\bin;C:\Users\ENGR UCHE\Anaconda3\Scripts;C:\Users\ENGR UCHE\Anaconda3\bin;C:\Users\ENGR UCHE\Anaconda3\condabin;C:\WINDOWS\system32;C:\WINDOWS;C:\WINDOWS\System32\Wbem;C:\WINDOWS\System32\WindowsPowerShell\v1.0;C:\Program Files\Git\cmd;C:\Program Files\nodejs;C:\ProgramData\chocolatey\bin;.;C:\WINDOWS\System32\OpenSSH;C:\Program Files (x86)\PuTTY;C:\Users\ENGR UCHE\AppData\Local\Programs\Python\Python37\Scripts;C:\Users\ENGR UCHE\AppData\Local\Programs\Python\Python37;C:\Users\ENGR UCHE\AppData\Local\Programs\Python\Launcher;C:\Users\ENGR UCHE\AppData\Local\Programs\Microsoft VS Code\bin;C:\Users\ENGR UCHE\AppData\Roaming\npm;C:\Program Files\JetBrains\PyCharm Community Edition 2019.3.1\bin;C:\Users\ENGR UCHE\AppData\Local\GitHubDesktop\bin;C:\Users\ENGR UCHE\AppData\Local\Microsoft\WindowsApps;C:\Program Files\heroku\bin

Yarn version: 
  1.22.4

Node version: 
  12.14.1

Platform: 
  win32 x64

Trace: 
  Error: connect ETIMEDOUT 104.16.16.35:443
      at TCPConnectWrap.afterConnect [as oncomplete] (net.js:1134:16)

npm manifest: 
  {
    "name": "BitCoin-Data-app_NextJs",
    "version": "1.0.0",
    "description": "",
    "main": "index.js",
    "scripts": {
      "test": "echo \"Error: no test specified\" && exit 1"
    },
    "repository": {
      "type": "git",
      "url": "git+https://github.com/CodePapi/BitCoin-Data-app_NextJs.git"
    },
    "keywords": [],
    "author": "",
    "license": "ISC",
    "bugs": {
      "url": "https://github.com/CodePapi/BitCoin-Data-app_NextJs/issues"
    },
    "homepage": "https://github.com/CodePapi/BitCoin-Data-app_NextJs#readme"
  }

yarn manifest: 
  No manifest

Lockfile: 
  No lockfile
